0 info it worked if it ends with ok
1 verbose cli [ '/usr/local/bin/node', '/usr/local/bin/npm', 'run', 'build' ]
2 info using npm@2.11.2
3 info using node@v0.12.6
4 verbose run-script [ 'prebuild', 'build', 'postbuild' ]
5 info prebuild openseadragon-annotations@0.0.1
6 info build openseadragon-annotations@0.0.1
7 verbose unsafe-perm in lifecycle true
8 info openseadragon-annotations@0.0.1 Failed to exec build script
9 verbose stack Error: openseadragon-annotations@0.0.1 build: `parallelshell 'npm run lint -s' 'rimraf dist && mkdirp dist/img && cp ./img/*.* ./dist/img/' && parallelshell 'browserify -t [ babelify ] ./src/openseadragon-annotations.js > ./dist/openseadragon-annotations.js'  'browserify -d -t [ babelify ] -t [ uglifyify ] ./src/openseadragon-annotations.js | exorcist ./dist/openseadragon-annotations.min.map > ./dist/openseadragon-annotations.min.js'`
9 verbose stack Exit status 1
9 verbose stack     at EventEmitter.<anonymous> (/usr/local/lib/node_modules/npm/lib/utils/lifecycle.js:213:16)
9 verbose stack     at EventEmitter.emit (events.js:110:17)
9 verbose stack     at ChildProcess.<anonymous> (/usr/local/lib/node_modules/npm/lib/utils/spawn.js:24:14)
9 verbose stack     at ChildProcess.emit (events.js:110:17)
9 verbose stack     at maybeClose (child_process.js:1015:16)
9 verbose stack     at Process.ChildProcess._handle.onexit (child_process.js:1087:5)
10 verbose pkgid openseadragon-annotations@0.0.1
11 verbose cwd /Users/gasparrey/Code/openseadragon-annotations
12 error Darwin 14.4.0
13 error argv "/usr/local/bin/node" "/usr/local/bin/npm" "run" "build"
14 error node v0.12.6
15 error npm  v2.11.2
16 error code ELIFECYCLE
17 error openseadragon-annotations@0.0.1 build: `parallelshell 'npm run lint -s' 'rimraf dist && mkdirp dist/img && cp ./img/*.* ./dist/img/' && parallelshell 'browserify -t [ babelify ] ./src/openseadragon-annotations.js > ./dist/openseadragon-annotations.js'  'browserify -d -t [ babelify ] -t [ uglifyify ] ./src/openseadragon-annotations.js | exorcist ./dist/openseadragon-annotations.min.map > ./dist/openseadragon-annotations.min.js'`
17 error Exit status 1
18 error Failed at the openseadragon-annotations@0.0.1 build script 'parallelshell 'npm run lint -s' 'rimraf dist && mkdirp dist/img && cp ./img/*.* ./dist/img/' && parallelshell 'browserify -t [ babelify ] ./src/openseadragon-annotations.js > ./dist/openseadragon-annotations.js'  'browserify -d -t [ babelify ] -t [ uglifyify ] ./src/openseadragon-annotations.js | exorcist ./dist/openseadragon-annotations.min.map > ./dist/openseadragon-annotations.min.js''.
18 error This is most likely a problem with the openseadragon-annotations package,
18 error not with npm itself.
18 error Tell the author that this fails on your system:
18 error     parallelshell 'npm run lint -s' 'rimraf dist && mkdirp dist/img && cp ./img/*.* ./dist/img/' && parallelshell 'browserify -t [ babelify ] ./src/openseadragon-annotations.js > ./dist/openseadragon-annotations.js'  'browserify -d -t [ babelify ] -t [ uglifyify ] ./src/openseadragon-annotations.js | exorcist ./dist/openseadragon-annotations.min.map > ./dist/openseadragon-annotations.min.js'
18 error You can get their info via:
18 error     npm owner ls openseadragon-annotations
18 error There is likely additional logging output above.
19 verbose exit [ 1, true ]
